##############################################################################
#                                                                            #
#     IAR Universal Librarian V5.7.0.39              05/Oct/2017  08:14:21   #
#                                                                            #
#           Command           = list-entries                                 #
#           Object file       = Router-Pro.lib                               #
#           List file         = list4.lst                                    #
#           Start module      = 4                                            #
#           End module        = 4                                            #
#                                                                            #
#                      Copyright 1988-2013 IAR Systems. All rights reserved. #
##############################################################################


       4.  Lib  AddrMgr
             Ent   AddrMgrEntryAddRef::?relay
             Ent   AddrMgrEntryGet::?relay
             Ent   AddrMgrEntryLookupExt::?relay
             Ent   AddrMgrEntryLookupNwk::?relay
             Ent   AddrMgrEntryRelease::?relay
             Ent   AddrMgrEntryUpdate::?relay
             Ent   AddrMgrExtAddrEqual::?relay
             Ent   AddrMgrExtAddrLookup::?relay
             Ent   AddrMgrExtAddrSet::?relay
             Ent   AddrMgrExtAddrValid::?relay
             Ent   AddrMgrInit::?relay
             Ent   AddrMgrInitNV::?relay
             Ent   AddrMgrIsFull::?relay
             Ent   AddrMgrNwkAddrLookup::?relay
             Ent   AddrMgrReset::?relay
             Ent   AddrMgrRestoreFromNV::?relay
             Ent   AddrMgrSetDefaultNV::?relay
             Ent   AddrMgrWriteNV::?relay
             Ent   AssocAddNew::?relay
             Ent   AssocChangeNwkAddr::?relay
             Ent   AssocCheckDupNeighbors::?relay
             Ent   AssocChildAging::?relay
             Ent   AssocChildTableManagement::?relay
             Ent   AssocChildTableUpdateTimeout::?relay
             Ent   AssocCount::?relay
             Ent   AssocFindDevice::?relay
             Ent   AssocGetNextChildNode::?relay
             Ent   AssocGetNextInactiveNode::?relay
             Ent   AssocGetWithAddress::?relay
             Ent   AssocGetWithExt::?relay
             Ent   AssocGetWithShort::?relay
             Ent   AssocInit::?relay
             Ent   AssocInitNV::?relay
             Ent   AssocIsChild::?relay
             Ent   AssocIsParent::?relay
             Ent   AssocIsRFChild::?relay
             Ent   AssocMakeList::?relay
             Ent   AssocMatchDeviceStatus::?relay
             Ent   AssocRemove::?relay
             Ent   AssocReset::?relay
             Ent   AssocRestoreFromNV::?relay
             Ent   AssocSetDefaultNV::?relay
             Ent   AssocWriteNV::?relay
             Ent   NLDE_DataCnf::?relay
             Ent   NLDE_DataIndication::?relay
             Ent   NLDE_DataReq::?relay
             Ent   NLDE_DataReqAlloc::?relay
             Ent   NLME_ConcentratorIndication::?relay
             Ent   NLME_CoordStartPANIDConflictCB::?relay
             Ent   NLME_CoordinatorInit::?relay
             Ent   NLME_DeviceJoiningInit::?relay
             Ent   NLME_DirectJoinRequest::?relay
             Ent   NLME_DirectJoinRequestWithAddr::?relay
             Ent   NLME_EDScanConfirm::?relay
             Ent   NLME_EDScanRequest::?relay
             Ent   NLME_GetRequest::?relay
             Ent   NLME_InitStochasticAddressing::?relay
             Ent   NLME_InitTreeAddressing::?relay
             Ent   NLME_JoinConfirm::?relay
             Ent   NLME_JoinIndication::?relay
             Ent   NLME_JoinRequest::?relay
             Ent   NLME_LeaveCnf::?relay
             Ent   NLME_LeaveInd::?relay
             Ent   NLME_LeaveReq::?relay
             Ent   NLME_LeaveRsp::?relay
             Ent   NLME_NetworkDiscoveryConfirm::?relay
             Ent   NLME_NetworkDiscoveryRequest::?relay
             Ent   NLME_NetworkFormationConfirm::?relay
             Ent   NLME_NetworkFormationRequest::?relay
             Ent   NLME_NetworkStatusCB::?relay
             Ent   NLME_NwkDiscReq2::?relay
             Ent   NLME_NwkDiscTerm::?relay
             Ent   NLME_OrphanJoinRequest::?relay
             Ent   NLME_PermitJoiningEvent::?relay
             Ent   NLME_PermitJoiningRequest::?relay
             Ent   NLME_PollConfirm::?relay
             Ent   NLME_ReJoinRequest::?relay
             Ent   NLME_ReJoinRequestUnsecure::?relay
             Ent   NLME_ResetRequest::?relay
             Ent   NLME_RouteDiscoveryIndication::?relay
             Ent   NLME_RouteDiscoveryRequest::?relay
             Ent   NLME_SetRequest::?relay
             Ent   NLME_StartRouterConfirm::?relay
             Ent   NLME_StartRouterRequest::?relay
             Ent   NLME_SyncIndication::?relay
             Ent   NLME_SyncRequest::?relay
             Ent   NLME_beaconNotifyInd::?relay
             Ent   RTG_AddSrcRtgEntry_Guaranteed::?relay
             Ent   RTG_AllocNewAddress::?relay
             Ent   RTG_BcastAdd::?relay
             Ent   RTG_BcastChk::?relay
             Ent   RTG_BcastDel::?relay
             Ent   RTG_BcastTimerHandler::?relay
             Ent   RTG_CalcTreeAddress::?relay
             Ent   RTG_CheckRtStatus::?relay
             Ent   RTG_ChildGetNextHop::?relay
             Ent   RTG_DataReq::?relay
             Ent   RTG_DeAllocStochasticAddress::?relay
             Ent   RTG_DeAllocTreeAddress::?relay
             Ent   RTG_FillCSkipTable::?relay
             Ent   RTG_GetAncestors::?relay
             Ent   RTG_GetNextHop::?relay
             Ent   RTG_GetNextTreeHop::?relay
             Ent   RTG_GetRtgEntry::?relay
             Ent   RTG_GetRtgSrcEntry::?relay
             Ent   RTG_GetStochastic::?relay
             Ent   RTG_GetTreeRoute::?relay
             Ent   RTG_Init::?relay
             Ent   RTG_IsAncestor::?relay
             Ent   RTG_MTORouteReq::?relay
             Ent   RTG_ProcessRrec::?relay
             Ent   RTG_ProcessRrep::?relay
             Ent   RTG_ProcessRreq::?relay
             Ent   RTG_ProcessRtDiscBits::?relay
             Ent   RTG_RemoveRtgEntry::?relay
             Ent   RTG_RouteMaintanence::?relay
             Ent   RTG_RtgRecordInitiation::?relay
             Ent   RTG_SendBrokenRoute::?relay
             Ent   RTG_SendNextEDMsg::?relay
             Ent   RTG_SendRErr::?relay
             Ent   RTG_SrcGetNextHop::?relay
             Ent   RTG_TimerEvent::?relay
             Ent   RTG_ValidateSrcRtg::?relay
             Ent   RTG_initRtgTable::?relay
             Ent   RTG_nextHopIsBad::?relay
             Ent   reflectTrack_AddNewEntry::?relay
             Ent   reflectTrack_AddToEnd::?relay
             Ent   reflectTrack_FindEntry::?relay
             Ent   reflectTrack_FindEntryStatus::?relay
             Ent   reflectTrack_FindHandle::?relay
             Ent   reflectTrack_GetNewEntry::?relay
             Ent   reflectTrack_NumEntries::?relay
             Ent   reflectTrack_RemoveEntry::?relay
             Ent   reflectTrack_SetMaxEntries::?relay
             Ent   reflectTrack_UpdateOption::?relay
             Ent   reflectTracking_FillInFailed::?relay
             Ent   reflectTracking_GetMaxIndirect::?relay
             Ent   reflectTracking_GetMaxIndirectAdjusted::?relay
             Ent   reflectTracking_GetMaxSimultaneous::?relay
             Ent   reflectTracking_GetMaxSimultaneousAdjusted::?relay
             Ent   reflectTracking_GetNumDelivered::?relay
             Ent   reflectTracking_GetNumFailed::?relay
             Ent   reflectTracking_SetMaxIndirect::?relay
             Ent   reflectTracking_SetMaxSimultaneous::?relay
             Ent   AddrMgrEntryAddRef
             Ent   AddrMgrEntryGet
             Ent   AddrMgrEntryLookupExt
             Ent   AddrMgrEntryLookupNwk
             Ent   AddrMgrEntryRelease
             Ent   AddrMgrEntryUpdate
             Ent   AddrMgrExtAddrEqual
             Ent   AddrMgrExtAddrLookup
             Ent   AddrMgrExtAddrSet
             Ent   AddrMgrExtAddrValid
             Ent   AddrMgrInit
             Ent   AddrMgrInitNV
             Ent   AddrMgrIsFull
             Ent   AddrMgrNwkAddrLookup
             Ent   AddrMgrReset
             Ent   AddrMgrRestoreFromNV
             Ent   AddrMgrSetDefaultNV
             Ent   AddrMgrWriteNV
             Ent   AssocAddNew
             Ent   AssocChangeNwkAddr
             Ent   AssocCheckDupNeighbors
             Ent   AssocChildAging
             Ent   AssocChildTableManagement
             Ent   AssocChildTableUpdateTimeout
             Ent   AssocCount
             Ent   AssocFindDevice
             Ent   AssocGetNextChildNode
             Ent   AssocGetNextInactiveNode
             Ent   AssocGetWithAddress
             Ent   AssocGetWithExt
             Ent   AssocGetWithShort
             Ent   AssocInit
             Ent   AssocInitNV
             Ent   AssocIsChild
             Ent   AssocIsParent
             Ent   AssocIsRFChild
             Ent   AssocMakeList
             Ent   AssocMatchDeviceStatus
             Ent   AssocRemove
             Ent   AssocReset
             Ent   AssocRestoreFromNV
             Ent   AssocSetDefaultNV
             Ent   AssocWriteNV
             Ent   NLDE_DataCnf
             Ent   NLDE_DataIndication
             Ent   NLDE_DataReq
             Ent   NLDE_DataReqAlloc
             Ent   NLME_AssocPermission
             Ent   NLME_ConcentratorIndication
             Ent   NLME_CoordStartPANIDConflictCB
             Ent   NLME_CoordinatorInit
             Ent   NLME_DeviceJoiningInit
             Ent   NLME_DirectJoinRequest
             Ent   NLME_DirectJoinRequestWithAddr
             Ent   NLME_EDScanConfirm
             Ent   NLME_EDScanRequest
             Ent   NLME_GetRequest
             Ent   NLME_InitStochasticAddressing
             Ent   NLME_InitTreeAddressing
             Ent   NLME_JoinConfirm
             Ent   NLME_JoinIndication
             Ent   NLME_JoinRequest
             Ent   NLME_LeaveCnf
             Ent   NLME_LeaveInd
             Ent   NLME_LeaveReq
             Ent   NLME_LeaveRsp
             Ent   NLME_NetworkDiscoveryConfirm
             Ent   NLME_NetworkDiscoveryRequest
             Ent   NLME_NetworkFormationConfirm
             Ent   NLME_NetworkFormationRequest
             Ent   NLME_NetworkStatusCB
             Ent   NLME_NwkDiscReq2
             Ent   NLME_NwkDiscTerm
             Ent   NLME_OrphanJoinRequest
             Ent   NLME_PermitJoining
             Ent   NLME_PermitJoiningEvent
             Ent   NLME_PermitJoiningRequest
             Ent   NLME_PollConfirm
             Ent   NLME_ReJoinRequest
             Ent   NLME_ReJoinRequestUnsecure
             Ent   NLME_ResetRequest
             Ent   NLME_RouteDiscoveryIndication
             Ent   NLME_RouteDiscoveryRequest
             Ent   NLME_ScanFields
             Ent   NLME_SetRequest
             Ent   NLME_StartRouterConfirm
             Ent   NLME_StartRouterRequest
             Ent   NLME_SyncIndication
             Ent   NLME_SyncRequest
             Ent   NLME_beaconNotifyInd
             Ent   RTG_AddSrcRtgEntry_Guaranteed
             Ent   RTG_AllocNewAddress
             Ent   RTG_BcastAdd
             Ent   RTG_BcastChk
             Ent   RTG_BcastDel
             Ent   RTG_BcastTimerHandler
             Ent   RTG_CalcTreeAddress
             Ent   RTG_CheckRtStatus
             Ent   RTG_ChildGetNextHop
             Ent   RTG_DataReq
             Ent   RTG_DeAllocStochasticAddress
             Ent   RTG_DeAllocTreeAddress
             Ent   RTG_FillCSkipTable
             Ent   RTG_GetAncestors
             Ent   RTG_GetNextHop
             Ent   RTG_GetNextTreeHop
             Ent   RTG_GetRtgEntry
             Ent   RTG_GetRtgSrcEntry
             Ent   RTG_GetStochastic
             Ent   RTG_GetTreeRoute
             Ent   RTG_Init
             Ent   RTG_IsAncestor
             Ent   RTG_MTORouteReq
             Ent   RTG_ProcessRrec
             Ent   RTG_ProcessRrep
             Ent   RTG_ProcessRreq
             Ent   RTG_ProcessRtDiscBits
             Ent   RTG_RemoveRtgEntry
             Ent   RTG_RouteMaintanence
             Ent   RTG_RtgRecordInitiation
             Ent   RTG_SendBrokenRoute
             Ent   RTG_SendNextEDMsg
             Ent   RTG_SendRErr
             Ent   RTG_SrcGetNextHop
             Ent   RTG_TimerEvent
             Ent   RTG_ValidateSrcRtg
             Ent   RTG_initRtgTable
             Ent   RTG_nextHopIsBad
             Ent   __Constant_3e8
             Ent   __Constant_64
             Ent   pNLME_NetworkFormationConfirm
             Ent   pRTG_CalcAddress
             Ent   pRTG_DeAllocAddress
             Ent   pRTG_FinishGetNextHop
             Ent   pRTG_GetAncestors
             Ent   pRTG_GetNextTreeHop
             Ent   pRTG_GetTreeRoute
             Ent   pnwk_ScanJoiningOrphan
             Ent   pnwk_ScanPANChanSelect
             Ent   pnwk_ScanPANChanVerify
             Ent   reflectTrack_AddNewEntry
             Ent   reflectTrack_AddToEnd
             Ent   reflectTrack_FindEntry
             Ent   reflectTrack_FindEntryStatus
             Ent   reflectTrack_FindHandle
             Ent   reflectTrack_GetNewEntry
             Ent   reflectTrack_NumEntries
             Ent   reflectTrack_RemoveEntry
             Ent   reflectTrack_SetMaxEntries
             Ent   reflectTrack_UpdateOption
             Ent   reflectTracking_FillInFailed
             Ent   reflectTracking_GetMaxIndirect
             Ent   reflectTracking_GetMaxIndirectAdjusted
             Ent   reflectTracking_GetMaxSimultaneous
             Ent   reflectTracking_GetMaxSimultaneousAdjusted
             Ent   reflectTracking_GetNumDelivered
             Ent   reflectTracking_GetNumFailed
             Ent   reflectTracking_SetMaxIndirect
             Ent   reflectTracking_SetMaxSimultaneous
             Ent   rreqCounter
             Ent   savedResponseRate

